<?xml version="1.0" encoding="UTF-8"?>
<!-- Generated by org.testng.reporters.JUnitReportReporter -->
<testsuite hostname="DESKTOP-25552JB" failures="0" tests="1" name="TestCase.TC_001Account" time="12.420" errors="0" timestamp="2024-02-19T02:03:21 IST" skipped="0">
  <testcase classname="TestCase.TC_001Account" name="verify_account_registration" time="12.420"/>
</testsuite> <!-- TestCase.TC_001Account -->
